[www.partnerstack.com/index.html]
[backblue.gif]
[fade.gif]
[index.html]
[assets.website-files.com/5f16ec24d8bd7908a5d24625/css/partnerstack-1-9.b8e0fab07.min.css]
[ajax.googleapis.com/ajax/libs/webfont/1.6.26/webfont.js]
[assets.website-files.com/5f16ec24d8bd7908a5d24625/5f4d6ee2e6e2e164fcb68fcc_5bdb0e480c3f616bb784d53c_purple-favicon.png]
[assets.website-files.com/5f16ec24d8bd7908a5d24625/5f4d6fbdb8bef3160c2dc270_256.png]
[snippet.growsumo.com/growsumo.min.js]
[www.partnerstack.com/learn/series-b.html]
[www.partnerstack.com/company.html]
[www.partnerstack.com/pricing.html]
[www.partnerstack.com/learn.html]
[www.partnerstack.com/book-a-demo.html]
[assets.website-files.com/5f16ec24d8bd7908a5d24625/5f43faff77783994110ffa01_multiple channels.png]
[assets.website-files.com/5f16ec24d8bd7908a5d24625/5f43fc66a16d454a4b4e172f_engagement-sales.png]
[assets.website-files.com/5f16ec24d8bd7908a5d24625/5f43fc985486274db2d601ee_partner-payouts.png]
[assets.website-files.com/5f16ec24d8bd7908a5d24625/5f8f58d56e13605df42e9bb0_Anca Bujor - Headshot.jpg]
[www.partnerstack.com/learn/unbounce-case-study.html]
[assets.website-files.com/5f16ec24d8bd7908a5d24625/5f4e6755d41b17144e4fc258_alaina.png]
[assets.website-files.com/5f16ec24d8bd7908a5d24625/600ae4519fd1ef104c265b4d_joshua-zerkel.jpg]
[js.hsforms.net/forms/v2.js]
[www.partnerstack.com/policies.html]
[www.partnerstack.com/integrations.html]
[www.partnerstack.com/partnerstack-partner-programs.html]
[assets.website-files.com/5f16ec24d8bd7908a5d24625/js/partnerstack-1-9.6849d928e.js]
[d3e54v103j8qbb.cloudfront.net/js/jquery-3.5.1.min.dc5e7f18c85de7.js]
[www.partnerstack.com/index.html]
[ga.clearbit.com/v1/ga66c1.js]
[assets.website-files.com/5f16ec24d8bd7908a5d24625/css/partnerstack-1-9.b8e0fab07.min.css]
[www.googletagmanager.com/gtm5445.html]
[assets.website-files.com/5f230a7abb143aa545bf6398/60ad30d5d86a177dacc6729f_bryn-jones-headshot.jpg]
[www.partnerstack.com/learn/series-b.html]
[assets.website-files.com/5f16ec24d8bd7908a5d24625/5f474ae90f5bba9f2677b899_nlbj-yc-2015.png]
[assets.website-files.com/5f230a7abb143aa545bf6398/5f6cbfde1fddb42ba9d8d62b_jenna-earnshaw.jpg]
[assets.website-files.com/5f230a7abb143aa545bf6398/5f6cc258895ee9010fbf8926_sarah-yurichi.jpg]
[assets.website-files.com/5f230a7abb143aa545bf6398/5f6cc29dfa4361389757b993_stuart-philp.jpg]
[assets.website-files.com/5f230a7abb143aa545bf6398/5f735d89c2c84fcac4f8afec_neil-chudleigh.png]
[assets.website-files.com/5f230a7abb143aa545bf6398/5f760d16895c38efd2d1736c_mat-macquarie.png]
[assets.website-files.com/5f230a7abb143aa545bf6398/5f6cbe531c28e200cbaf1c63_brad-tiller.jpg]
[assets.website-files.com/5f230a7abb143aa545bf6398/5f6cbf6d1fddb440bfd8d505_filip-stepien.jpg]
[assets.website-files.com/5f230a7abb143aa545bf6398/5f6cbea04b5f8530f2935a7b_daniel-shapiro.jpg]
[assets.website-files.com/5f230a7abb143aa545bf6398/5f6cc24d2bcee292c2b07881_sandy-grewal.jpg]
[assets.website-files.com/5f230a7abb143aa545bf6398/5f6cbed49743ac8e1f1fa747_edward-d_souza.jpg]
[assets.website-files.com/5f230a7abb143aa545bf6398/5f6cc02f0cf73171232bc8ba_luke-swanek.jpg]
[assets.website-files.com/5f230a7abb143aa545bf6398/5f6cbf563f8a0150298ee231_eric-yanofsky.jpg]
[assets.website-files.com/5f230a7abb143aa545bf6398/5f6cbe829743ac1d651fa72d_clayton-ramnarine.jpg]
[assets.website-files.com/5f230a7abb143aa545bf6398/5f6cc1fe9c8618ce063dde30_michael-kim.jpg]
[assets.website-files.com/5f230a7abb143aa545bf6398/5f6cbfff01e6bf88348fe6e5_jon-mendes.jpg]
[assets.website-files.com/5f230a7abb143aa545bf6398/5f6cc23778578b680fe28526_nikole-benson.jpg]
[assets.website-files.com/5f230a7abb143aa545bf6398/5f735b1aab0a720c3af5f34d_althea-yi.png]
[assets.website-files.com/5f230a7abb143aa545bf6398/5f6cbe077133e52b426f2ca8_amanda-wilde.jpg]
[assets.website-files.com/5f230a7abb143aa545bf6398/5f735d96d655fd0314926e31_abdul-hasseb.png]
[assets.website-files.com/5f230a7abb143aa545bf6398/5f6cbfce1c28e2723aaf2161_isabella-spilankos.jpg]
[assets.website-files.com/5f230a7abb143aa545bf6398/5f735d7b3364d37d41ed5f68_sae-lynn-yi.png]
[assets.website-files.com/5f230a7abb143aa545bf6398/5f6cbe4abd02ffca67ced151_blaize-pink.jpg]
[assets.website-files.com/5f230a7abb143aa545bf6398/5f6cc2a89d87bcff86753e78_thenoo-ratnam.jpg]
[assets.website-files.com/5f230a7abb143aa545bf6398/5f6cc2939b6b4917a044cfd2_stephen-smith.jpg]
[assets.website-files.com/5f230a7abb143aa545bf6398/5f6cc242b59043202bd65a04_no-jun-park.jpg]
[assets.website-files.com/5f230a7abb143aa545bf6398/5f734f7dbd953817c9dfa14a_nikita-zhitkevich.png]
[assets.website-files.com/5f230a7abb143aa545bf6398/5f6cbe967133e55d526f2d52_daniel-lister.jpg]
[assets.website-files.com/5f230a7abb143aa545bf6398/5f760b6666ccaf1895b68d22_rohini-widener.png]
[assets.website-files.com/5f230a7abb143aa545bf6398/5f6cbebe329ec5d6bed19a92_daryll-yearwood.jpg]
[assets.website-files.com/5f230a7abb143aa545bf6398/5f73721a3a8f6257fc81be9a_bronwen-weiderick.png]
[assets.website-files.com/5f230a7abb143aa545bf6398/5f737d2fb8430420989c567c_geoffery-seeman.png]
[assets.website-files.com/5f230a7abb143aa545bf6398/5f6cc022fc330c24e5554f23_kris-visceral.jpg]
[assets.website-files.com/5f230a7abb143aa545bf6398/5f6cbe64066950b25a533a1c_brendan-mcdonald.jpg]
[assets.website-files.com/5f230a7abb143aa545bf6398/5f6cbf6126c709d5c385664a_faisal-usmani.jpg]
[assets.website-files.com/5f230a7abb143aa545bf6398/5f6cbe77cc6eea2f0b98b166_caitlyn-kodric.jpg]
[assets.website-files.com/5f230a7abb143aa545bf6398/5f6cbfe8c608f2d4a41df60e_jennifer-huynh.jpg]
[assets.website-files.com/5f230a7abb143aa545bf6398/5f6cc04dc0434a506d280154_marie-bardari.jpg]
[assets.website-files.com/5f230a7abb143aa545bf6398/5f734f4a73acdd75f8efad25_andrew-kirkpatrick.png]
[assets.website-files.com/5f230a7abb143aa545bf6398/5f6cbe3fe636e27395ab6e79_austen-sutherland.jpg]
[assets.website-files.com/5f230a7abb143aa545bf6398/5f6cc00b48bcf51bbeaa40f3_katie-coseni.jpg]
[assets.website-files.com/5f230a7abb143aa545bf6398/5f6cc03a7166c1b1719a7518_margaret-jones.jpg]
[assets.website-files.com/5f230a7abb143aa545bf6398/5f6cbeb79743ac19891fa737_darko-stojanovic.jpg]
[assets.website-files.com/5f230a7abb143aa545bf6398/5f6cc264e7b870c306388356_sean-harris.jpg]
[assets.website-files.com/5f230a7abb143aa545bf6398/5f6cbf010cf7317d392bc578_emma-sinai.jpg]
[assets.website-files.com/5f230a7abb143aa545bf6398/5f6cc2150f515e60449f4761_monica-ghasemi.jpg]
[assets.website-files.com/5f230a7abb143aa545bf6398/5f6cbef36c7b2c7e26376a32_emily-demill.jpg]
[assets.website-files.com/5f230a7abb143aa545bf6398/5f6cbe31cc6eeaf34498b146_ashley-downey.jpg]
[assets.website-files.com/5f230a7abb143aa545bf6398/5f6cc1f5fa43614c2357b61f_matt-bell.jpg]
[assets.website-files.com/5f230a7abb143aa545bf6398/5f6cbecbcfa4fe01f546831f_david-richards.jpg]
[assets.website-files.com/5f230a7abb143aa545bf6398/5f734f6073acdd4f16efad2d_patrick-fanizza.png]
[assets.website-files.com/5f230a7abb143aa545bf6398/5f6cc21f77bb0717e4fb6b6c_nathanael-de-boer.jpg]
[assets.website-files.com/5f230a7abb143aa545bf6398/5f73728e13e7bff0740601b1_scott-cunningham.png]
[assets.website-files.com/5f230a7abb143aa545bf6398/5f734f228aa957f05d719982_evan-shultz.png]
[assets.website-files.com/5f230a7abb143aa545bf6398/5f6cc2883f047779f24bf80a_stephanie-antoine.jpg]
[assets.website-files.com/5f230a7abb143aa545bf6398/5f734eed8cea88718ac1c73d_matt-jackson.png]
[assets.website-files.com/5f230a7abb143aa545bf6398/5f6cc20846b24b541c1db228_michael-lue.jpg]
[assets.website-files.com/5f16ec24d8bd7908a5d24625/5f472c6a08e7c67795d071fb_bryn-jones.jpg]
[assets.website-files.com/5f16ec24d8bd7908a5d24625/5f472c417885b5b1cf4fd790_daniel-shapiro.jpg]
[assets.website-files.com/5f16ec24d8bd7908a5d24625/5f68cee72b67912dd3a5d7f4_margaret.png]
[assets.website-files.com/5f16ec24d8bd7908a5d24625/5f472c416c002e8ef49c157d_clayton-ramnarine.jpg]
[assets.website-files.com/5f16ec24d8bd7908a5d24625/5f47d64519bc529c30115946_luke-swanek.jpg]
[assets.website-files.com/5f16ec24d8bd7908a5d24625/5f472c4197b65c9557a13644_star-hofer.jpg]
[assets.website-files.com/5f16ec24d8bd7908a5d24625/5f472c413b3a1c6a66c41d95_neil-chudleigh.jpg]
[assets.website-files.com/5f16ec24d8bd7908a5d24625/5f47d7221a5e295f33c8a1c3_Tyler-Calder.jpg]
[assets.website-files.com/5f16ec24d8bd7908a5d24625/5f47d7bbd00ad378cca157d1_nikita-zhitkevich.jpg]
[assets.website-files.com/5f16ec24d8bd7908a5d24625/5f4d4fa1941fb78d82e0f32c_jenna.png]
[assets.website-files.com/5f16ec24d8bd7908a5d24625/5f4d55f2979b82389126e552_katie.png]
[assets.website-files.com/5f16ec24d8bd7908a5d24625/60ae425d6296f7976d0d7587_Best_Workplaces for Start-ups 2021.png]
[assets.website-files.com/5f16ec24d8bd7908a5d24625/5f472d4c1a4808be2ec3c375_best-workplaces-for-mental-wellness-2020.png]
[assets.website-files.com/5f16ec24d8bd7908a5d24625/5f472d4d377140161ad97e8c_best-workplaces-in-ontario-2020.png]
[assets.website-files.com/5f16ec24d8bd7908a5d24625/60ae42dfdb84eb819cafd0ca_Best Workplaces for Inclusion 2021.png]
[assets.website-files.com/5f16ec24d8bd7908a5d24625/60ae429fbcc1a221df9e75bf_Great Place to Work Certification Badge March 2021.png]
[www.partnerstack.com/company.html]
[www.partnerstack.com/pricing.html]
[assets.website-files.com/5f230a7abb143aa545bf6398/60ae4067d23b5f5d8e7956c4_series-b-blog-header-space.png]
[www.partnerstack.com/learn/looka-case-study.html]
[assets.website-files.com/5f230a7abb143aa545bf6398/60301276dbd538da4b7c828e_thao-tram-ngo-headshot.jpg]
[assets.website-files.com/5f230a7abb143aa545bf6398/606357bfecf4223c88a32de9_geoff-seeman-headshot.jpg]
[assets.website-files.com/5f230a7abb143aa545bf6398/603e793fbca615b111be9501_kelly-sarabyn.jpg]
[www.partnerstack.com/learn/promote-your-program-and-recruit-the-right-partners.html]
[assets.website-files.com/5f230a7abb143aa545bf6398/60195c141c3fce3ce27f6380_laurella-jose.jpg]
[www.partnerstack.com/learn/jungle-scout-case-study.html]
[assets.website-files.com/5f230a7abb143aa545bf6398/5f8737e2a9678839a60e2e7f_brad.jpg]
[www.partnerstack.com/learn/when-is-the-right-time-to-launch-your-partner-program.html]
[assets.website-files.com/5f230a7abb143aa545bf6398/5f88a569798da276c93ee956_luke-swanek.jpg]
[www.partnerstack.com/learn/5-questions-to-answer-before-launching-your-partner-program.html]
[www.partnerstack.com/learn.html]
[www.partnerstack.com/book-a-demo.html]
[assets.website-files.com/5f230a7abb143aa545bf6398/5f8dc3df33fce9280be18f19_Anca Bujor - Headshot.jpg]
[assets.website-files.com/5f230a7abb143aa545bf6398/5f8e1a97bbb367f6660c2e1b_unbounce-case-study.png]
[assets.website-files.com/5f230a7abb143aa545bf6398/5f8e1c7ba8a45179b0050f3a_unbounce-case-study-2.png]
[assets.website-files.com/5f230a7abb143aa545bf6398/5f8e1d8a817cf93fdde23c4e_unbounce-case-study-3.png]
[assets.website-files.com/5f230a7abb143aa545bf6398/5f8e1f4dc713883869c1a60d_unbounce-case-study-4.png]
[www.partnerstack.com/learn/unbounce-case-study.html]
[assets.website-files.com/5f16ec24d8bd7908a5d24625/5f68bb03e78acf3e7b8256e1_W-9 (Rev. Oct 2018).png]
[www.partnerstack.com/policies.html]
[assets.website-files.com/5f16ec24d8bd7908a5d24625/5f401b7ebc396e722c408345_Hubspot.png]
[www.partnerstack.com/integrations.html]
[www.partnerstack.com/partnerstack-partner-programs.html]
[assets.website-files.com/5f16ec24d8bd7908a5d24625/5f183a52ed965b272420673d_5bd86b2716e1ea314e5c2c05_rectangle - icon + text - purple-p-500.png]
[assets.website-files.com/5f230a7abb143aa545bf6398/60896db633b1e7ecfdf362a4_matthew-sison-headshot.png]
[assets.website-files.com/5f230a7abb143aa545bf6398/60896927a7f2f7420d9045df_looka-affiliate-tiers.png]
[assets.website-files.com/5f230a7abb143aa545bf6398/6088148ef8d3f69c99080fb9_26W97HgGKgnqLUu47OHIQSOua9gdP657K8imG2qJnHbr2SFUejt9kEb6NrJHdjyVAOWjNXVdxW4QaDsm_VUbAbWwHcfoKT1qlLNG4pnw5-9qU1TQCT5ATk4C0oWXuJ4jP6JqK7o.86.de]
[assets.website-files.com/5f230a7abb143aa545bf6398/6088148d23b21649a2c50888_1Tt3Cr1RmSf3RUGAMi1jyaPK4aLb1fZVKkJ3ZpRgCEbQCdmVJGOPJL92kWgFhldDSxo_K_oiHfdrJ8frf7M66MqmOfUR0Bmy5Jq98kXh_Ni3lc-Wj804rGntVa_zs_FOinuXcf8.85.de]
[assets.website-files.com/5f230a7abb143aa545bf6398/60896a839d4f4867175d7493_looka-tier-feedback.png]
[assets.website-files.com/5f230a7abb143aa545bf6398/6088148d0bdd4590eecbcab3_BivAq1c2OAnAhoKN6IgsoxxIJ5rbF3DgzJBqvs5yYmBXSzmF-aZT5892SKVEkjJkBfsnLItNmTVivvtvdPc09txSvlitMQMi1l8KVrEq9r_ReFJrnecWOuVVkYQMOjoEBjhCd1c.87.de]
[assets.website-files.com/5f230a7abb143aa545bf6398/60896ab4c322047a957147b1_looka-content-feedback.png]
[assets.website-files.com/5f230a7abb143aa545bf6398/608987e4aea0801699daffa5_looka-partner-content.png]
[assets.website-files.com/5f230a7abb143aa545bf6398/60896ad6c3220477b5715645_looka-affiliate-application.png]
[www.partnerstack.com/learn/looka-case-study.html]
[assets.website-files.com/5f230a7abb143aa545bf6398/602ffd325d88a9f12884ab6c_unbounce-partner-program-social-proof.png]
[assets.website-files.com/5f230a7abb143aa545bf6398/602ffe1844b5e17325ca3f23_unbounce-partner-program-cta.png]
[assets.website-files.com/5f230a7abb143aa545bf6398/602fff6dbf0fa9714ca10c95_unbounce-partner-program-how-it-works.png]
[assets.website-files.com/5f230a7abb143aa545bf6398/602ffe3627c879660643c1fa_unbounce-partner-program-who-its-for.png]
[assets.website-files.com/5f230a7abb143aa545bf6398/602fff946d956e7dda7a91d7_unbounce-partner-program-reward-examples.png]
[assets.website-files.com/5f230a7abb143aa545bf6398/602fffec6934f9e262e79b41_unbounce-partner-program-how-it-works-1.png]
[www.partnerstack.com/learn/promote-your-program-and-recruit-the-right-partners.html]
[assets.website-files.com/5f230a7abb143aa545bf6398/6009df30036f2708688c9234_joe-cardillo.jpg]
[assets.website-files.com/5f230a7abb143aa545bf6398/600ac7ef7323a665433ed58c_jungle-scout-welcome.png]
[assets.website-files.com/5f230a7abb143aa545bf6398/600ae208880d6c814b8f373b_jungle-scout-automation.png]
[www.partnerstack.com/learn/jungle-scout-case-study.html]
[www.partnerstack.com/learn/when-is-the-right-time-to-launch-your-partner-program.html]
[www.partnerstack.com/learn/5-questions-to-answer-before-launching-your-partner-program.html]
[www.partnerstack.com/learn/_https_/assets.website-files.com/5f230a7abb143aa545bf6398/60ae4067d23b5f5d8e7956c4_series-b-blog-header-space.html]
[www.partnerstack.com/learn/common-mistakes-when-launching-partner-programs.html]
[www.partnerstack.com/learn/why-start-a-technology-partner-program.html]
[www.partnerstack.com/learn/internal-buy-in-for-your-partner-program.html]
[www.partnerstack.com/learn-videos/card-4.html]
[www.partnerstack.com/learn-videos/card-1.html]
[www.partnerstack.com/learn-videos/card-2.html]
[www.partnerstack.com/learn-videos/card-3.html]
[www.partnerstack.com/learn/_https_/assets.website-files.com/5f230a7abb143aa545bf6398/5f8f40611826c813116c9230_partnerstack-unbounce-case-study-hero-03.html]
[www.partnerstack.com/privacy-policy.html]
[www.partnerstack.com/gdpr.html]
[www.partnerstack.com/learn/_https_/assets.website-files.com/5f230a7abb143aa545bf6398/60898213e2d4e085717f1f19_looka-hero-image.html]
[www.partnerstack.com/learn/_https_/assets.website-files.com/5f230a7abb143aa545bf6398/600ac263e500ed791baf6b4e_jungle-scout-hero.html]
